This is pdfTeX, Version 3.1415926-2.4-1.40.13 (TeX Live 2012/Debian) (format=pdflatex 2013.12.27)  11 FEB 2014 00:08
entering extended mode
 restricted \write18 enabled.
 file:line:error style messages enabled.
 %&-line parsing enabled.
**HW2.tex
(./HW2.tex
LaTeX2e <2011/06/27>
Babel <v3.8m> and hyphenation patterns for english, dumylang, nohyphenation, et
hiopic, farsi, arabic, pinyin, croatian, bulgarian, ukrainian, russian, slovak,
 czech, danish, dutch, usenglishmax, ukenglish, finnish, french, basque, ngerma
n, german, swissgerman, ngerman-x-2012-05-30, german-x-2012-05-30, monogreek, g
reek, ibycus, ancientgreek, hungarian, bengali, tamil, hindi, telugu, gujarati,
 sanskrit, malayalam, kannada, assamese, marathi, oriya, panjabi, italian, lati
n, latvian, lithuanian, mongolian, mongolianlmc, nynorsk, bokmal, indonesian, e
speranto, coptic, welsh, irish, interlingua, serbian, serbianc, slovenian, friu
lan, romansh, estonian, romanian, armenian, uppersorbian, turkish, afrikaans, i
celandic, kurmanji, polish, portuguese, galician, catalan, spanish, swedish, th
ai, loaded.
(/usr/share/texlive/texmf-dist/tex/latex/base/article.cls
Document Class: article 2007/10/19 v1.4h Standard LaTeX document class
(/usr/share/texlive/texmf-dist/tex/latex/base/size12.clo
File: size12.clo 2007/10/19 v1.4h Standard LaTeX file (size option)
)
\c@part=\count79
\c@section=\count80
\c@subsection=\count81
\c@subsubsection=\count82
\c@paragraph=\count83
\c@subparagraph=\count84
\c@figure=\count85
\c@table=\count86
\abovecaptionskip=\skip41
\belowcaptionskip=\skip42
\bibindent=\dimen102
)
(/usr/share/texlive/texmf-dist/tex/latex/base/inputenc.sty
Package: inputenc 2008/03/30 v1.1d Input encoding file
\inpenc@prehook=\toks14
\inpenc@posthook=\toks15
)
(/usr/share/texlive/texmf-dist/tex/latex/geometry/geometry.sty
Package: geometry 2010/09/12 v5.6 Page Geometry

(/usr/share/texlive/texmf-dist/tex/latex/graphics/keyval.sty
Package: keyval 1999/03/16 v1.13 key=value parser (DPC)
\KV@toks@=\toks16
)
(/usr/share/texlive/texmf-dist/tex/generic/oberdiek/ifpdf.sty
Package: ifpdf 2011/01/30 v2.3 Provides the ifpdf switch (HO)
Package ifpdf Info: pdfTeX in PDF mode is detected.
)
(/usr/share/texlive/texmf-dist/tex/generic/oberdiek/ifvtex.sty
Package: ifvtex 2010/03/01 v1.5 Detect VTeX and its facilities (HO)
Package ifvtex Info: VTeX not detected.
)
(/usr/share/texlive/texmf-dist/tex/generic/ifxetex/ifxetex.sty
Package: ifxetex 2010/09/12 v0.6 Provides ifxetex conditional
)
\Gm@cnth=\count87
\Gm@cntv=\count88
\c@Gm@tempcnt=\count89
\Gm@bindingoffset=\dimen103
\Gm@wd@mp=\dimen104
\Gm@odd@mp=\dimen105
\Gm@even@mp=\dimen106
\Gm@layoutwidth=\dimen107
\Gm@layoutheight=\dimen108
\Gm@layouthoffset=\dimen109
\Gm@layoutvoffset=\dimen110
\Gm@dimlist=\toks17
)
(/usr/share/texlive/texmf-dist/tex/latex/setspace/setspace.sty
Package: setspace 2011/12/19 v6.7a set line spacing
)
(/usr/share/texlive/texmf-dist/tex/latex/parskip/parskip.sty
Package: parskip 2001/04/09 non-zero parskip adjustments
)
(/usr/share/texlive/texmf-dist/tex/latex/graphics/graphicx.sty
Package: graphicx 1999/02/16 v1.0f Enhanced LaTeX Graphics (DPC,SPQR)

(/usr/share/texlive/texmf-dist/tex/latex/graphics/graphics.sty
Package: graphics 2009/02/05 v1.0o Standard LaTeX Graphics (DPC,SPQR)

(/usr/share/texlive/texmf-dist/tex/latex/graphics/trig.sty
Package: trig 1999/03/16 v1.09 sin cos tan (DPC)
)
(/usr/share/texlive/texmf-dist/tex/latex/latexconfig/graphics.cfg
File: graphics.cfg 2010/04/23 v1.9 graphics configuration of TeX Live
)
Package graphics Info: Driver file: pdftex.def on input line 91.

(/usr/share/texlive/texmf-dist/tex/latex/pdftex-def/pdftex.def
File: pdftex.def 2011/05/27 v0.06d Graphics/color for pdfTeX

(/usr/share/texlive/texmf-dist/tex/generic/oberdiek/infwarerr.sty
Package: infwarerr 2010/04/08 v1.3 Providing info/warning/error messages (HO)
)
(/usr/share/texlive/texmf-dist/tex/generic/oberdiek/ltxcmds.sty
Package: ltxcmds 2011/11/09 v1.22 LaTeX kernel commands for general use (HO)
)
\Gread@gobject=\count90
))
\Gin@req@height=\dimen111
\Gin@req@width=\dimen112
)
(/usr/share/texlive/texmf-dist/tex/latex/placeins/placeins.sty
Package: placeins 2005/04/18  v 2.2
)
(/usr/share/texlive/texmf-dist/tex/latex/titlesec/titlesec.sty
Package: titlesec 2011/12/15 v2.10.0 Sectioning titles
\ttl@box=\box26
\beforetitleunit=\skip43
\aftertitleunit=\skip44
\ttl@plus=\dimen113
\ttl@minus=\dimen114
\ttl@toksa=\toks18
\titlewidth=\dimen115
\titlewidthlast=\dimen116
\titlewidthfirst=\dimen117
)
(/usr/share/texlive/texmf-dist/tex/latex/amsfonts/amssymb.sty
Package: amssymb 2009/06/22 v3.00

(/usr/share/texlive/texmf-dist/tex/latex/amsfonts/amsfonts.sty
Package: amsfonts 2009/06/22 v3.00 Basic AMSFonts support
\@emptytoks=\toks19
\symAMSa=\mathgroup4
\symAMSb=\mathgroup5
LaTeX Font Info:    Overwriting math alphabet `\mathfrak' in version `bold'
(Font)                  U/euf/m/n --> U/euf/b/n on input line 96.
))
(/usr/share/texlive/texmf-dist/tex/latex/amsmath/amsmath.sty
Package: amsmath 2000/07/18 v2.13 AMS math features
\@mathmargin=\skip45

For additional information on amsmath, use the `?' option.
(/usr/share/texlive/texmf-dist/tex/latex/amsmath/amstext.sty
Package: amstext 2000/06/29 v2.01

(/usr/share/texlive/texmf-dist/tex/latex/amsmath/amsgen.sty
File: amsgen.sty 1999/11/30 v2.0
\@emptytoks=\toks20
\ex@=\dimen118
))
(/usr/share/texlive/texmf-dist/tex/latex/amsmath/amsbsy.sty
Package: amsbsy 1999/11/29 v1.2d
\pmbraise@=\dimen119
)
(/usr/share/texlive/texmf-dist/tex/latex/amsmath/amsopn.sty
Package: amsopn 1999/12/14 v2.01 operator names
)
\inf@bad=\count91
LaTeX Info: Redefining \frac on input line 211.
\uproot@=\count92
\leftroot@=\count93
LaTeX Info: Redefining \overline on input line 307.
\classnum@=\count94
\DOTSCASE@=\count95
LaTeX Info: Redefining \ldots on input line 379.
LaTeX Info: Redefining \dots on input line 382.
LaTeX Info: Redefining \cdots on input line 467.
\Mathstrutbox@=\box27
\strutbox@=\box28
\big@size=\dimen120
LaTeX Font Info:    Redeclaring font encoding OML on input line 567.
LaTeX Font Info:    Redeclaring font encoding OMS on input line 568.
\macc@depth=\count96
\c@MaxMatrixCols=\count97
\dotsspace@=\muskip10
\c@parentequation=\count98
\dspbrk@lvl=\count99
\tag@help=\toks21
\row@=\count100
\column@=\count101
\maxfields@=\count102
\andhelp@=\toks22
\eqnshift@=\dimen121
\alignsep@=\dimen122
\tagshift@=\dimen123
\tagwidth@=\dimen124
\totwidth@=\dimen125
\lineht@=\dimen126
\@envbody=\toks23
\multlinegap=\skip46
\multlinetaggap=\skip47
\mathdisplay@stack=\toks24
LaTeX Info: Redefining \[ on input line 2666.
LaTeX Info: Redefining \] on input line 2667.
)
(/usr/share/texlive/texmf-dist/tex/latex/changepage/changepage.sty
Package: changepage 2009/10/20 v1.0c check page and change page layout
\c@cp@cntr=\count103
\cp@tempcnt=\count104
) (./HW2.aux

LaTeX Warning: Label `figure:a4' multiply defined.


LaTeX Warning: Label `figure:a4' multiply defined.


LaTeX Warning: Label `figure:a4' multiply defined.


LaTeX Warning: Label `figure:a4' multiply defined.


LaTeX Warning: Label `figure:a4' multiply defined.


LaTeX Warning: Label `figure:a4' multiply defined.


LaTeX Warning: Label `figure:a4' multiply defined.


LaTeX Warning: Label `figure:a4' multiply defined.


LaTeX Warning: Label `figure:a4' multiply defined.


LaTeX Warning: Label `figure:a4' multiply defined.


LaTeX Warning: Label `figure:a4' multiply defined.

)
\openout1 = `HW2.aux'.

LaTeX Font Info:    Checking defaults for OML/cmm/m/it on input line 23.
LaTeX Font Info:    ... okay on input line 23.
LaTeX Font Info:    Checking defaults for T1/cmr/m/n on input line 23.
LaTeX Font Info:    ... okay on input line 23.
LaTeX Font Info:    Checking defaults for OT1/cmr/m/n on input line 23.
LaTeX Font Info:    ... okay on input line 23.
LaTeX Font Info:    Checking defaults for OMS/cmsy/m/n on input line 23.
LaTeX Font Info:    ... okay on input line 23.
LaTeX Font Info:    Checking defaults for OMX/cmex/m/n on input line 23.
LaTeX Font Info:    ... okay on input line 23.
LaTeX Font Info:    Checking defaults for U/cmr/m/n on input line 23.
LaTeX Font Info:    ... okay on input line 23.

*geometry* driver: auto-detecting
*geometry* detected driver: pdftex
*geometry* verbose mode - [ preamble ] result:
* driver: pdftex
* paper: <default>
* layout: <same size as paper>
* layoutoffset:(h,v)=(0.0pt,0.0pt)
* modes: 
* h-part:(L,W,R)=(72.26999pt, 469.75502pt, 72.26999pt)
* v-part:(T,H,B)=(72.26999pt, 650.43001pt, 72.26999pt)
* \paperwidth=614.295pt
* \paperheight=794.96999pt
* \textwidth=469.75502pt
* \textheight=650.43001pt
* \oddsidemargin=0.0pt
* \evensidemargin=0.0pt
* \topmargin=-37.0pt
* \headheight=12.0pt
* \headsep=25.0pt
* \topskip=12.0pt
* \footskip=30.0pt
* \marginparwidth=44.0pt
* \marginparsep=10.0pt
* \columnsep=10.0pt
* \skip\footins=10.8pt plus 4.0pt minus 2.0pt
* \hoffset=0.0pt
* \voffset=0.0pt
* \mag=1000
* \@twocolumnfalse
* \@twosidefalse
* \@mparswitchfalse
* \@reversemarginfalse
* (1in=72.27pt=25.4mm, 1cm=28.453pt)

(/usr/share/texlive/texmf-dist/tex/context/base/supp-pdf.mkii
[Loading MPS to PDF converter (version 2006.09.02).]
\scratchcounter=\count105
\scratchdimen=\dimen127
\scratchbox=\box29
\nofMPsegments=\count106
\nofMParguments=\count107
\everyMPshowfont=\toks25
\MPscratchCnt=\count108
\MPscratchDim=\dimen128
\MPnumerator=\count109
\makeMPintoPDFobject=\count110
\everyMPtoPDFconversion=\toks26
) (/usr/share/texlive/texmf-dist/tex/generic/oberdiek/pdftexcmds.sty
Package: pdftexcmds 2011/11/29 v0.20 Utility functions of pdfTeX for LuaTeX (HO
)

(/usr/share/texlive/texmf-dist/tex/generic/oberdiek/ifluatex.sty
Package: ifluatex 2010/03/01 v1.3 Provides the ifluatex switch (HO)
Package ifluatex Info: LuaTeX not detected.
)
Package pdftexcmds Info: LuaTeX not detected.
Package pdftexcmds Info: \pdf@primitive is available.
Package pdftexcmds Info: \pdf@ifprimitive is available.
Package pdftexcmds Info: \pdfdraftmode found.
)
(/usr/share/texlive/texmf-dist/tex/latex/oberdiek/epstopdf-base.sty
Package: epstopdf-base 2010/02/09 v2.5 Base part for package epstopdf

(/usr/share/texlive/texmf-dist/tex/latex/oberdiek/grfext.sty
Package: grfext 2010/08/19 v1.1 Manage graphics extensions (HO)

(/usr/share/texlive/texmf-dist/tex/generic/oberdiek/kvdefinekeys.sty
Package: kvdefinekeys 2011/04/07 v1.3 Define keys (HO)
))
(/usr/share/texlive/texmf-dist/tex/latex/oberdiek/kvoptions.sty
Package: kvoptions 2011/06/30 v3.11 Key value format for package options (HO)

(/usr/share/texlive/texmf-dist/tex/generic/oberdiek/kvsetkeys.sty
Package: kvsetkeys 2012/04/25 v1.16 Key value parser (HO)

(/usr/share/texlive/texmf-dist/tex/generic/oberdiek/etexcmds.sty
Package: etexcmds 2011/02/16 v1.5 Avoid name clashes with e-TeX commands (HO)
Package etexcmds Info: Could not find \expanded.
(etexcmds)             That can mean that you are not using pdfTeX 1.50 or
(etexcmds)             that some package has redefined \expanded.
(etexcmds)             In the latter case, load this package earlier.
)))
Package grfext Info: Graphics extension search list:
(grfext)             [.png,.pdf,.jpg,.mps,.jpeg,.jbig2,.jb2,.PNG,.PDF,.JPG,.JPE
G,.JBIG2,.JB2,.eps]
(grfext)             \AppendGraphicsExtensions on input line 452.

(/usr/share/texlive/texmf-dist/tex/latex/latexconfig/epstopdf-sys.cfg
File: epstopdf-sys.cfg 2010/07/13 v1.3 Configuration of (r)epstopdf for TeX Liv
e
))
Underfull \hbox (badness 10000) in paragraph at lines 34--35

 []

LaTeX Font Info:    Try loading font information for U+msa on input line 36.
(/usr/share/texlive/texmf-dist/tex/latex/amsfonts/umsa.fd
File: umsa.fd 2009/06/22 v3.00 AMS symbols A
)
LaTeX Font Info:    Try loading font information for U+msb on input line 36.

(/usr/share/texlive/texmf-dist/tex/latex/amsfonts/umsb.fd
File: umsb.fd 2009/06/22 v3.00 AMS symbols B
)
<cobweb1a.jpg, id=1, 634.37pt x 366.36874pt>
File: cobweb1a.jpg Graphic file (type jpg)
 <use cobweb1a.jpg>
Package pdftex.def Info: cobweb1a.jpg used on input line 57.
(pdftex.def)             Requested size: 375.80544pt x 217.04454pt.

<cobweb1b.jpg, id=2, 634.37pt x 366.36874pt>
File: cobweb1b.jpg Graphic file (type jpg)
 <use cobweb1b.jpg>
Package pdftex.def Info: cobweb1b.jpg used on input line 82.
(pdftex.def)             Requested size: 375.80544pt x 217.04454pt.
 [1

{/var/lib/texmf/fonts/map/pdftex/updmap/pdftex.map}]
<cobweb1c.jpg, id=12, 634.37pt x 366.36874pt>
File: cobweb1c.jpg Graphic file (type jpg)
 <use cobweb1c.jpg>
Package pdftex.def Info: cobweb1c.jpg used on input line 107.
(pdftex.def)             Requested size: 375.80544pt x 217.04454pt.

<cobweb1d.jpg, id=13, 634.37pt x 366.36874pt>
File: cobweb1d.jpg Graphic file (type jpg)
 <use cobweb1d.jpg>
Package pdftex.def Info: cobweb1d.jpg used on input line 132.
(pdftex.def)             Requested size: 375.80544pt x 217.04454pt.


LaTeX Warning: `h' float specifier changed to `ht'.

<cobweb1e.jpg, id=14, 634.37pt x 366.36874pt>
File: cobweb1e.jpg Graphic file (type jpg)
 <use cobweb1e.jpg>
Package pdftex.def Info: cobweb1e.jpg used on input line 157.
(pdftex.def)             Requested size: 375.80544pt x 217.04454pt.
 [2] [3 <./cobweb1a.jpg>] [4 <./cobweb1b.jpg> <./cobweb1c.jpg>] [5 <./cobweb1d.
jpg> <./cobweb1e.jpg>] <secant2a.jpg, id=29, 678.535pt x 366.36874pt>
File: secant2a.jpg Graphic file (type jpg)
 <use secant2a.jpg>
Package pdftex.def Info: secant2a.jpg used on input line 174.
(pdftex.def)             Requested size: 375.80544pt x 202.91219pt.

<secant2b.jpg, id=30, 678.535pt x 366.36874pt>
File: secant2b.jpg Graphic file (type jpg)
 <use secant2b.jpg>
Package pdftex.def Info: secant2b.jpg used on input line 183.
(pdftex.def)             Requested size: 375.80544pt x 202.91219pt.

<secant2c.jpg, id=31, 678.535pt x 366.36874pt>
File: secant2c.jpg Graphic file (type jpg)
 <use secant2c.jpg>
Package pdftex.def Info: secant2c.jpg used on input line 192.
(pdftex.def)             Requested size: 375.80544pt x 202.91219pt.

<secant2d.jpg, id=32, 678.535pt x 366.36874pt>
File: secant2d.jpg Graphic file (type jpg)
 <use secant2d.jpg>
Package pdftex.def Info: secant2d.jpg used on input line 201.
(pdftex.def)             Requested size: 375.80544pt x 202.91219pt.

<secant2e.jpg, id=33, 678.535pt x 366.36874pt>
File: secant2e.jpg Graphic file (type jpg)
 <use secant2e.jpg>
Package pdftex.def Info: secant2e.jpg used on input line 210.
(pdftex.def)             Requested size: 375.80544pt x 202.91219pt.
 [6

] [7 <./secant2a.jpg> <./secant2b.jpg>] [8 <./secant2c.jpg> <./secant2d.jpg>] [
9 <./secant2e.jpg>]
Underfull \hbox (badness 10000) in paragraph at lines 223--224

 []

<2_3a.jpg, id=49, 678.535pt x 366.36874pt>
File: 2_3a.jpg Graphic file (type jpg)
 <use 2_3a.jpg>
Package pdftex.def Info: 2_3a.jpg used on input line 233.
(pdftex.def)             Requested size: 375.80544pt x 202.91219pt.

<2_3b.jpg, id=50, 333.245pt x 239.89626pt>
File: 2_3b.jpg Graphic file (type jpg)
 <use 2_3b.jpg>
Package pdftex.def Info: 2_3b.jpg used on input line 246.
(pdftex.def)             Requested size: 375.80544pt x 270.55249pt.

<2_3c.jpg, id=51, 678.535pt x 346.29375pt>
File: 2_3c.jpg Graphic file (type jpg)
 <use 2_3c.jpg>
Package pdftex.def Info: 2_3c.jpg used on input line 259.
(pdftex.def)             Requested size: 375.80544pt x 191.79372pt.

<2_3c_1.jpg, id=52, 642.4pt x 346.29375pt>
File: 2_3c_1.jpg Graphic file (type jpg)
 <use 2_3c_1.jpg>
Package pdftex.def Info: 2_3c_1.jpg used on input line 266.
(pdftex.def)             Requested size: 375.80544pt x 202.58894pt.

<2_3c_2.jpg, id=53, 1204.5pt x 903.375pt>
File: 2_3c_2.jpg Graphic file (type jpg)
 <use 2_3c_2.jpg>
Package pdftex.def Info: 2_3c_2.jpg used on input line 273.
(pdftex.def)             Requested size: 375.80544pt x 281.8491pt.

<2_3c_3.jpg, id=54, 1204.5pt x 903.375pt>
File: 2_3c_3.jpg Graphic file (type jpg)
 <use 2_3c_3.jpg>
Package pdftex.def Info: 2_3c_3.jpg used on input line 280.
(pdftex.def)             Requested size: 375.80544pt x 281.8491pt.
 [10

] [11 <./2_3a.jpg> <./2_3b.jpg>] [12 <./2_3c.jpg> <./2_3c_1.jpg>] [13 <./2_3c_2
.jpg>] [14 <./2_3c_3.jpg>] [15

] [16] (./HW2.aux)

LaTeX Warning: There were multiply-defined labels.

 ) 
Here is how much of TeX's memory you used:
 3315 strings out of 493485
 44611 string characters out of 3143525
 114952 words of memory out of 3000000
 6546 multiletter control sequences out of 15000+200000
 10190 words of font info for 39 fonts, out of 3000000 for 9000
 957 hyphenation exceptions out of 8191
 38i,13n,28p,509b,297s stack positions out of 5000i,500n,10000p,200000b,50000s
</usr/share/texlive/texmf-dist/fonts/type1/public/amsfonts/cm/cmbx12.pfb></us
r/share/texlive/texmf-dist/fonts/type1/public/amsfonts/cm/cmex10.pfb></usr/shar
e/texlive/texmf-dist/fonts/type1/public/amsfonts/cm/cmmi12.pfb></usr/share/texl
ive/texmf-dist/fonts/type1/public/amsfonts/cm/cmmi8.pfb></usr/share/texlive/tex
mf-dist/fonts/type1/public/amsfonts/cm/cmr12.pfb></usr/share/texlive/texmf-dist
/fonts/type1/public/amsfonts/cm/cmr8.pfb></usr/share/texlive/texmf-dist/fonts/t
ype1/public/amsfonts/cm/cmsy10.pfb></usr/share/texlive/texmf-dist/fonts/type1/p
ublic/amsfonts/cm/cmsy8.pfb></usr/share/texlive/texmf-dist/fonts/type1/public/a
msfonts/cm/cmti12.pfb>
Output written on HW2.pdf (16 pages, 459242 bytes).
PDF statistics:
 108 PDF objects out of 1000 (max. 8388607)
 64 compressed objects within 1 object stream
 0 named destinations out of 1000 (max. 500000)
 81 words of extra memory for PDF output out of 10000 (max. 10000000)

